Apr 25, 2017 2:35:04 PM codeu.chat.ServerMain main
INFO: ============================= START OF LOG =============================
Apr 25, 2017 2:35:05 PM codeu.chat.ServerMain main
INFO: Starting server...
Apr 25, 2017 2:35:07 PM codeu.chat.ServerMain runServer
INFO: Created server.
Apr 25, 2017 2:35:07 PM codeu.chat.server.Server$1 run
INFO: Reading update from relay...
Apr 25, 2017 2:35:07 PM codeu.chat.ServerMain runServer
INFO: Established connection...
Apr 25, 2017 2:35:12 PM codeu.chat.server.Server$1 run
INFO: Reading update from relay...
Apr 25, 2017 2:35:17 PM codeu.chat.server.Server$1 run
INFO: Reading update from relay...
Apr 25, 2017 2:35:22 PM codeu.chat.server.Server$1 run
INFO: Reading update from relay...
Apr 25, 2017 2:35:27 PM codeu.chat.server.Server$1 run
INFO: Reading update from relay...
Apr 25, 2017 2:35:32 PM codeu.chat.server.Server$1 run
INFO: Reading update from relay...
Apr 25, 2017 2:35:37 PM codeu.chat.server.Server$1 run
INFO: Reading update from relay...
Apr 25, 2017 2:35:42 PM codeu.chat.server.Server$1 run
INFO: Reading update from relay...
Apr 25, 2017 2:35:47 PM codeu.chat.server.Server$1 run
INFO: Reading update from relay...
Apr 25, 2017 2:35:52 PM codeu.chat.server.Server$1 run
INFO: Reading update from relay...
Apr 25, 2017 2:35:57 PM codeu.chat.server.Server$1 run
INFO: Reading update from relay...
Apr 25, 2017 2:36:02 PM codeu.chat.server.Server$1 run
INFO: Reading update from relay...
Apr 25, 2017 2:36:07 PM codeu.chat.server.Server$1 run
INFO: Reading update from relay...
Apr 25, 2017 2:36:12 PM codeu.chat.server.Server$1 run
INFO: Reading update from relay...
Apr 25, 2017 2:36:17 PM codeu.chat.server.Server$1 run
INFO: Reading update from relay...
Apr 25, 2017 2:36:22 PM codeu.chat.server.Server$1 run
INFO: Reading update from relay...
Apr 25, 2017 2:36:27 PM codeu.chat.server.Server$1 run
INFO: Reading update from relay...
Apr 25, 2017 2:36:32 PM codeu.chat.server.Server$1 run
INFO: Reading update from relay...
Apr 25, 2017 2:36:37 PM codeu.chat.server.Server$1 run
INFO: Reading update from relay...
Apr 25, 2017 2:36:42 PM codeu.chat.ServerMain runServer
INFO: Connection established.
Apr 25, 2017 2:36:42 PM codeu.chat.ServerMain runServer
INFO: Established connection...
Apr 25, 2017 2:36:42 PM codeu.chat.server.Server$2 run
INFO: Handling connection...
Apr 25, 2017 2:36:42 PM codeu.chat.server.Server$2 run
INFO: Connection handled: ACCEPTED
Apr 25, 2017 2:36:42 PM codeu.chat.ServerMain runServer
INFO: Connection established.
Apr 25, 2017 2:36:42 PM codeu.chat.ServerMain runServer
INFO: Established connection...
Apr 25, 2017 2:36:42 PM codeu.chat.server.Server$2 run
INFO: Handling connection...
Apr 25, 2017 2:36:42 PM codeu.chat.server.Server$2 run
INFO: Connection handled: ACCEPTED
Apr 25, 2017 2:36:42 PM codeu.chat.server.Server$1 run
INFO: Reading update from relay...
Apr 25, 2017 2:36:47 PM codeu.chat.server.Server$1 run
INFO: Reading update from relay...
Apr 25, 2017 2:36:52 PM codeu.chat.server.Server$1 run
INFO: Reading update from relay...
Apr 25, 2017 2:36:57 PM codeu.chat.server.Server$1 run
INFO: Reading update from relay...
Apr 25, 2017 2:37:02 PM codeu.chat.server.Server$1 run
INFO: Reading update from relay...
Apr 25, 2017 2:37:07 PM codeu.chat.ServerMain runServer
INFO: Connection established.
Apr 25, 2017 2:37:07 PM codeu.chat.server.Server$2 run
INFO: Handling connection...
Apr 25, 2017 2:37:07 PM codeu.chat.ServerMain runServer
INFO: Established connection...
Apr 25, 2017 2:37:07 PM codeu.chat.server.Controller newUser
INFO: newUser success (user.id=[UUID:100.929130223] user.name=Blake user.time=25-Apr-2017 14:37:07.466 user.passHash=532e803a54aff537dff8ca9cc3d43e8b8a1788137e5212ed5353ccfa72046)
Apr 25, 2017 2:37:07 PM codeu.chat.ServerMain runServer
INFO: Connection established.
Apr 25, 2017 2:37:07 PM codeu.chat.ServerMain runServer
INFO: Established connection...
Apr 25, 2017 2:37:07 PM codeu.chat.server.Server$2 run
INFO: Connection handled: ACCEPTED
Apr 25, 2017 2:37:07 PM codeu.chat.server.Server$2 run
INFO: Handling connection...
Apr 25, 2017 2:37:07 PM codeu.chat.server.Server$2 run
INFO: Connection handled: ACCEPTED
Apr 25, 2017 2:37:07 PM codeu.chat.ServerMain runServer
INFO: Connection established.
Apr 25, 2017 2:37:07 PM codeu.chat.server.Server$2 run
INFO: Handling connection...
Apr 25, 2017 2:37:07 PM codeu.chat.ServerMain runServer
INFO: Established connection...
Apr 25, 2017 2:37:07 PM codeu.chat.server.Server$2 run
INFO: Connection handled: ACCEPTED
Apr 25, 2017 2:37:07 PM codeu.chat.server.Server$1 run
INFO: Reading update from relay...
Apr 25, 2017 2:37:12 PM codeu.chat.server.Server$1 run
INFO: Reading update from relay...
Apr 25, 2017 2:37:17 PM codeu.chat.server.Server$1 run
INFO: Reading update from relay...
Apr 25, 2017 2:37:22 PM codeu.chat.server.Server$1 run
INFO: Reading update from relay...
Apr 25, 2017 2:37:25 PM codeu.chat.ServerMain runServer
INFO: Connection established.
Apr 25, 2017 2:37:25 PM codeu.chat.server.Server$2 run
INFO: Handling connection...
Apr 25, 2017 2:37:25 PM codeu.chat.ServerMain runServer
INFO: Established connection...
Apr 25, 2017 2:37:25 PM codeu.chat.server.Server$2 run
INFO: Connection handled: ACCEPTED
Apr 25, 2017 2:37:27 PM codeu.chat.server.Server$1 run
INFO: Reading update from relay...
Apr 25, 2017 2:37:32 PM codeu.chat.server.Server$1 run
INFO: Reading update from relay...
Apr 25, 2017 2:37:36 PM codeu.chat.ServerMain runServer
INFO: Connection established.
Apr 25, 2017 2:37:36 PM codeu.chat.ServerMain runServer
INFO: Established connection...
Apr 25, 2017 2:37:36 PM codeu.chat.server.Server$2 run
INFO: Handling connection...
Apr 25, 2017 2:37:36 PM codeu.chat.server.Controller newConversation
INFO: Conversation added: [UUID:100.1927996551]
Apr 25, 2017 2:37:36 PM codeu.chat.ServerMain runServer
INFO: Connection established.
Apr 25, 2017 2:37:36 PM codeu.chat.ServerMain runServer
INFO: Established connection...
Apr 25, 2017 2:37:36 PM codeu.chat.server.Server$2 run
SEVERE: Exception while handling connection.
org.bson.codecs.configuration.CodecConfigurationException: Can't find a codec for class codeu.chat.common.ConversationSummary.
	at org.bson.codecs.configuration.CodecCache.getOrThrow(CodecCache.java:46)
	at org.bson.codecs.configuration.ProvidersCodecRegistry.get(ProvidersCodecRegistry.java:63)
	at org.bson.codecs.configuration.ChildCodecRegistry.get(ChildCodecRegistry.java:51)
	at org.bson.codecs.DocumentCodec.writeValue(DocumentCodec.java:174)
	at org.bson.codecs.DocumentCodec.writeMap(DocumentCodec.java:189)
	at org.bson.codecs.DocumentCodec.encode(DocumentCodec.java:131)
	at org.bson.codecs.DocumentCodec.encode(DocumentCodec.java:45)
	at org.bson.codecs.BsonDocumentWrapperCodec.encode(BsonDocumentWrapperCodec.java:63)
	at org.bson.codecs.BsonDocumentWrapperCodec.encode(BsonDocumentWrapperCodec.java:29)
	at com.mongodb.connection.InsertCommandMessage.writeTheWrites(InsertCommandMessage.java:101)
	at com.mongodb.connection.InsertCommandMessage.writeTheWrites(InsertCommandMessage.java:43)
	at com.mongodb.connection.BaseWriteCommandMessage.encodeMessageBodyWithMetadata(BaseWriteCommandMessage.java:129)
	at com.mongodb.connection.RequestMessage.encodeWithMetadata(RequestMessage.java:160)
	at com.mongodb.connection.WriteCommandProtocol.sendMessage(WriteCommandProtocol.java:220)
	at com.mongodb.connection.WriteCommandProtocol.execute(WriteCommandProtocol.java:101)
	at com.mongodb.connection.InsertCommandProtocol.execute(InsertCommandProtocol.java:67)
	at com.mongodb.connection.InsertCommandProtocol.execute(InsertCommandProtocol.java:37)
	at com.mongodb.connection.DefaultServer$DefaultServerProtocolExecutor.execute(DefaultServer.java:168)
	at com.mongodb.connection.DefaultServerConnection.executeProtocol(DefaultServerConnection.java:289)
	at com.mongodb.connection.DefaultServerConnection.insertCommand(DefaultServerConnection.java:118)
	at com.mongodb.operation.MixedBulkWriteOperation$Run$2.executeWriteCommandProtocol(MixedBulkWriteOperation.java:465)
	at com.mongodb.operation.MixedBulkWriteOperation$Run$RunExecutor.execute(MixedBulkWriteOperation.java:656)
	at com.mongodb.operation.MixedBulkWriteOperation$Run.execute(MixedBulkWriteOperation.java:411)
	at com.mongodb.operation.MixedBulkWriteOperation$1.call(MixedBulkWriteOperation.java:177)
	at com.mongodb.operation.MixedBulkWriteOperation$1.call(MixedBulkWriteOperation.java:168)
	at com.mongodb.operation.OperationHelper.withConnectionSource(OperationHelper.java:422)
	at com.mongodb.operation.OperationHelper.withConnection(OperationHelper.java:413)
	at com.mongodb.operation.MixedBulkWriteOperation.execute(MixedBulkWriteOperation.java:168)
	at com.mongodb.operation.MixedBulkWriteOperation.execute(MixedBulkWriteOperation.java:74)
	at com.mongodb.Mongo.execute(Mongo.java:845)
	at com.mongodb.Mongo$2.execute(Mongo.java:828)
	at com.mongodb.MongoCollectionImpl.executeSingleWriteRequest(MongoCollectionImpl.java:550)
	at com.mongodb.MongoCollectionImpl.insertOne(MongoCollectionImpl.java:317)
	at com.mongodb.MongoCollectionImpl.insertOne(MongoCollectionImpl.java:307)
	at codeu.chat.database.Database.write(Database.java:57)
	at codeu.chat.server.Server.onMessage(Server.java:181)
	at codeu.chat.server.Server.access$400(Server.java:43)
	at codeu.chat.server.Server$2.run(Server.java:114)
	at codeu.chat.util.Timeline$2.run(Timeline.java:116)

Apr 25, 2017 2:37:36 PM codeu.chat.server.Server$2 run
INFO: Handling connection...
Apr 25, 2017 2:37:36 PM codeu.chat.server.Server$2 run
INFO: Connection handled: ACCEPTED
Apr 25, 2017 2:37:36 PM codeu.chat.ServerMain runServer
INFO: Connection established.
Apr 25, 2017 2:37:36 PM codeu.chat.ServerMain runServer
INFO: Established connection...
Apr 25, 2017 2:37:36 PM codeu.chat.server.Server$2 run
INFO: Handling connection...
Apr 25, 2017 2:37:36 PM codeu.chat.server.Server$2 run
INFO: Connection handled: ACCEPTED
Apr 25, 2017 2:37:36 PM codeu.chat.ServerMain runServer
INFO: Connection established.
Apr 25, 2017 2:37:36 PM codeu.chat.ServerMain runServer
INFO: Established connection...
Apr 25, 2017 2:37:36 PM codeu.chat.server.Server$2 run
INFO: Handling connection...
Apr 25, 2017 2:37:36 PM codeu.chat.server.Server$2 run
INFO: Connection handled: ACCEPTED
Apr 25, 2017 2:37:36 PM codeu.chat.ServerMain runServer
INFO: Connection established.
Apr 25, 2017 2:37:36 PM codeu.chat.ServerMain runServer
INFO: Established connection...
Apr 25, 2017 2:37:36 PM codeu.chat.server.Server$2 run
INFO: Handling connection...
Apr 25, 2017 2:37:36 PM codeu.chat.server.Server$2 run
INFO: Connection handled: ACCEPTED
Apr 25, 2017 2:37:37 PM codeu.chat.server.Server$1 run
INFO: Reading update from relay...
Apr 25, 2017 2:37:42 PM codeu.chat.server.Server$1 run
INFO: Reading update from relay...
Apr 25, 2017 2:37:47 PM codeu.chat.server.Server$1 run
INFO: Reading update from relay...
Apr 25, 2017 2:37:52 PM codeu.chat.server.Server$1 run
INFO: Reading update from relay...
Apr 25, 2017 2:37:57 PM codeu.chat.server.Server$1 run
INFO: Reading update from relay...
Apr 25, 2017 2:38:02 PM codeu.chat.server.Server$1 run
INFO: Reading update from relay...
Apr 25, 2017 2:42:13 PM codeu.chat.ServerMain main
INFO: ============================= START OF LOG =============================
Apr 25, 2017 2:42:14 PM codeu.chat.ServerMain main
INFO: Starting server...
Apr 25, 2017 3:04:20 PM codeu.chat.ServerMain main
INFO: ============================= START OF LOG =============================
Apr 25, 2017 3:04:20 PM codeu.chat.ServerMain main
INFO: Starting server...
Apr 25, 2017 3:04:22 PM codeu.chat.ServerMain runServer
INFO: Created server.
Apr 25, 2017 3:04:22 PM codeu.chat.server.Server$1 run
INFO: Reading update from relay...
Apr 25, 2017 3:04:22 PM codeu.chat.ServerMain runServer
INFO: Established connection...
Apr 25, 2017 3:04:27 PM codeu.chat.server.Server$1 run
INFO: Reading update from relay...
Apr 25, 2017 3:04:32 PM codeu.chat.server.Server$1 run
INFO: Reading update from relay...
Apr 25, 2017 3:04:37 PM codeu.chat.server.Server$1 run
INFO: Reading update from relay...
Apr 25, 2017 3:04:42 PM codeu.chat.server.Server$1 run
INFO: Reading update from relay...
Apr 25, 2017 3:04:47 PM codeu.chat.server.Server$1 run
INFO: Reading update from relay...
Apr 25, 2017 3:04:52 PM codeu.chat.server.Server$1 run
INFO: Reading update from relay...
Apr 25, 2017 3:04:57 PM codeu.chat.server.Server$1 run
INFO: Reading update from relay...
Apr 25, 2017 3:05:02 PM codeu.chat.server.Server$1 run
INFO: Reading update from relay...
Apr 25, 2017 3:05:07 PM codeu.chat.server.Server$1 run
INFO: Reading update from relay...
Apr 25, 2017 3:05:12 PM codeu.chat.server.Server$1 run
INFO: Reading update from relay...
Apr 25, 2017 3:05:17 PM codeu.chat.server.Server$1 run
INFO: Reading update from relay...
Apr 25, 2017 3:05:22 PM codeu.chat.server.Server$1 run
INFO: Reading update from relay...
Apr 25, 2017 3:05:27 PM codeu.chat.server.Server$1 run
INFO: Reading update from relay...
Apr 25, 2017 3:05:32 PM codeu.chat.server.Server$1 run
INFO: Reading update from relay...
Apr 25, 2017 3:05:37 PM codeu.chat.server.Server$1 run
INFO: Reading update from relay...
Apr 25, 2017 3:05:42 PM codeu.chat.server.Server$1 run
INFO: Reading update from relay...
Apr 25, 2017 3:05:47 PM codeu.chat.server.Server$1 run
INFO: Reading update from relay...
Apr 25, 2017 3:05:52 PM codeu.chat.server.Server$1 run
INFO: Reading update from relay...
Apr 25, 2017 3:05:57 PM codeu.chat.server.Server$1 run
INFO: Reading update from relay...
Apr 25, 2017 3:06:02 PM codeu.chat.server.Server$1 run
INFO: Reading update from relay...
Apr 25, 2017 3:06:07 PM codeu.chat.server.Server$1 run
INFO: Reading update from relay...
Apr 25, 2017 3:06:12 PM codeu.chat.server.Server$1 run
INFO: Reading update from relay...
Apr 25, 2017 3:06:17 PM codeu.chat.server.Server$1 run
INFO: Reading update from relay...
Apr 25, 2017 3:06:21 PM codeu.chat.ServerMain runServer
INFO: Connection established.
Apr 25, 2017 3:06:21 PM codeu.chat.server.Server$2 run
INFO: Handling connection...
Apr 25, 2017 3:06:21 PM codeu.chat.ServerMain runServer
INFO: Established connection...
Apr 25, 2017 3:06:21 PM codeu.chat.server.Server$2 run
INFO: Connection handled: ACCEPTED
Apr 25, 2017 3:06:22 PM codeu.chat.server.Server$1 run
INFO: Reading update from relay...
Apr 25, 2017 3:06:27 PM codeu.chat.server.Server$1 run
INFO: Reading update from relay...
Apr 25, 2017 3:06:32 PM codeu.chat.server.Server$1 run
INFO: Reading update from relay...
Apr 25, 2017 3:06:37 PM codeu.chat.server.Server$1 run
INFO: Reading update from relay...
Apr 25, 2017 3:06:42 PM codeu.chat.server.Server$1 run
INFO: Reading update from relay...
Apr 25, 2017 3:06:46 PM codeu.chat.ServerMain runServer
INFO: Connection established.
Apr 25, 2017 3:06:46 PM codeu.chat.server.Server$2 run
INFO: Handling connection...
Apr 25, 2017 3:06:46 PM codeu.chat.ServerMain runServer
INFO: Established connection...
Apr 25, 2017 3:06:46 PM codeu.chat.server.Controller newUser
INFO: newUser success (user.id=[UUID:100.696856258] user.name=Blake user.time=25-Apr-2017 15:06:46.291 user.passHash=2fcc2639897de1466ff614cd055acd8cce6640c5348577b95a832ddd44668c)
Apr 25, 2017 3:06:46 PM codeu.chat.ServerMain runServer
INFO: Connection established.
Apr 25, 2017 3:06:46 PM codeu.chat.ServerMain runServer
INFO: Established connection...
Apr 25, 2017 3:06:46 PM codeu.chat.server.Server$2 run
INFO: Connection handled: ACCEPTED
Apr 25, 2017 3:06:46 PM codeu.chat.server.Server$2 run
INFO: Handling connection...
Apr 25, 2017 3:06:46 PM codeu.chat.server.Server$2 run
INFO: Connection handled: ACCEPTED
Apr 25, 2017 3:06:47 PM codeu.chat.server.Server$1 run
INFO: Reading update from relay...
Apr 25, 2017 3:06:52 PM codeu.chat.server.Server$1 run
INFO: Reading update from relay...
Apr 25, 2017 3:06:57 PM codeu.chat.server.Server$1 run
INFO: Reading update from relay...
Apr 25, 2017 3:07:02 PM codeu.chat.server.Server$1 run
INFO: Reading update from relay...
Apr 25, 2017 3:07:07 PM codeu.chat.server.Server$1 run
INFO: Reading update from relay...
Apr 25, 2017 3:07:12 PM codeu.chat.server.Server$1 run
INFO: Reading update from relay...
Apr 25, 2017 3:07:17 PM codeu.chat.server.Server$1 run
INFO: Reading update from relay...
Apr 25, 2017 3:07:22 PM codeu.chat.server.Server$1 run
INFO: Reading update from relay...
Apr 25, 2017 3:07:26 PM codeu.chat.ServerMain runServer
INFO: Connection established.
Apr 25, 2017 3:07:26 PM codeu.chat.ServerMain runServer
INFO: Established connection...
Apr 25, 2017 3:07:26 PM codeu.chat.server.Server$2 run
INFO: Handling connection...
Apr 25, 2017 3:07:26 PM codeu.chat.server.Server$2 run
INFO: Connection handled: ACCEPTED
Apr 25, 2017 3:07:27 PM codeu.chat.server.Server$1 run
INFO: Reading update from relay...
Apr 25, 2017 3:07:32 PM codeu.chat.server.Server$1 run
INFO: Reading update from relay...
Apr 25, 2017 3:07:37 PM codeu.chat.server.Server$1 run
INFO: Reading update from relay...
Apr 25, 2017 3:07:42 PM codeu.chat.server.Server$1 run
INFO: Reading update from relay...
Apr 25, 2017 3:07:47 PM codeu.chat.server.Server$1 run
INFO: Reading update from relay...
Apr 25, 2017 3:07:50 PM codeu.chat.ServerMain runServer
INFO: Connection established.
Apr 25, 2017 3:07:50 PM codeu.chat.ServerMain runServer
INFO: Established connection...
Apr 25, 2017 3:07:50 PM codeu.chat.server.Server$2 run
INFO: Handling connection...
Apr 25, 2017 3:07:50 PM codeu.chat.server.Controller newConversation
INFO: Conversation added: [UUID:100.3321045401]
Apr 25, 2017 3:07:50 PM codeu.chat.ServerMain runServer
INFO: Connection established.
Apr 25, 2017 3:07:50 PM codeu.chat.ServerMain runServer
INFO: Established connection...
Apr 25, 2017 3:07:50 PM codeu.chat.server.Server$2 run
SEVERE: Exception while handling connection.
org.bson.codecs.configuration.CodecConfigurationException: Can't find a codec for class codeu.chat.common.ConversationSummary.
	at org.bson.codecs.configuration.CodecCache.getOrThrow(CodecCache.java:46)
	at org.bson.codecs.configuration.ProvidersCodecRegistry.get(ProvidersCodecRegistry.java:63)
	at org.bson.codecs.configuration.ChildCodecRegistry.get(ChildCodecRegistry.java:51)
	at org.bson.codecs.DocumentCodec.writeValue(DocumentCodec.java:174)
	at org.bson.codecs.DocumentCodec.writeMap(DocumentCodec.java:189)
	at org.bson.codecs.DocumentCodec.encode(DocumentCodec.java:131)
	at org.bson.codecs.DocumentCodec.encode(DocumentCodec.java:45)
	at org.bson.codecs.BsonDocumentWrapperCodec.encode(BsonDocumentWrapperCodec.java:63)
	at org.bson.codecs.BsonDocumentWrapperCodec.encode(BsonDocumentWrapperCodec.java:29)
	at com.mongodb.connection.InsertCommandMessage.writeTheWrites(InsertCommandMessage.java:101)
	at com.mongodb.connection.InsertCommandMessage.writeTheWrites(InsertCommandMessage.java:43)
	at com.mongodb.connection.BaseWriteCommandMessage.encodeMessageBodyWithMetadata(BaseWriteCommandMessage.java:129)
	at com.mongodb.connection.RequestMessage.encodeWithMetadata(RequestMessage.java:160)
	at com.mongodb.connection.WriteCommandProtocol.sendMessage(WriteCommandProtocol.java:220)
	at com.mongodb.connection.WriteCommandProtocol.execute(WriteCommandProtocol.java:101)
	at com.mongodb.connection.InsertCommandProtocol.execute(InsertCommandProtocol.java:67)
	at com.mongodb.connection.InsertCommandProtocol.execute(InsertCommandProtocol.java:37)
	at com.mongodb.connection.DefaultServer$DefaultServerProtocolExecutor.execute(DefaultServer.java:168)
	at com.mongodb.connection.DefaultServerConnection.executeProtocol(DefaultServerConnection.java:289)
	at com.mongodb.connection.DefaultServerConnection.insertCommand(DefaultServerConnection.java:118)
	at com.mongodb.operation.MixedBulkWriteOperation$Run$2.executeWriteCommandProtocol(MixedBulkWriteOperation.java:465)
	at com.mongodb.operation.MixedBulkWriteOperation$Run$RunExecutor.execute(MixedBulkWriteOperation.java:656)
	at com.mongodb.operation.MixedBulkWriteOperation$Run.execute(MixedBulkWriteOperation.java:411)
	at com.mongodb.operation.MixedBulkWriteOperation$1.call(MixedBulkWriteOperation.java:177)
	at com.mongodb.operation.MixedBulkWriteOperation$1.call(MixedBulkWriteOperation.java:168)
	at com.mongodb.operation.OperationHelper.withConnectionSource(OperationHelper.java:422)
	at com.mongodb.operation.OperationHelper.withConnection(OperationHelper.java:413)
	at com.mongodb.operation.MixedBulkWriteOperation.execute(MixedBulkWriteOperation.java:168)
	at com.mongodb.operation.MixedBulkWriteOperation.execute(MixedBulkWriteOperation.java:74)
	at com.mongodb.Mongo.execute(Mongo.java:845)
	at com.mongodb.Mongo$2.execute(Mongo.java:828)
	at com.mongodb.MongoCollectionImpl.executeSingleWriteRequest(MongoCollectionImpl.java:550)
	at com.mongodb.MongoCollectionImpl.insertOne(MongoCollectionImpl.java:317)
	at com.mongodb.MongoCollectionImpl.insertOne(MongoCollectionImpl.java:307)
	at codeu.chat.database.Database.write(Database.java:57)
	at codeu.chat.server.Server.onMessage(Server.java:181)
	at codeu.chat.server.Server.access$400(Server.java:43)
	at codeu.chat.server.Server$2.run(Server.java:114)
	at codeu.chat.util.Timeline$2.run(Timeline.java:116)

Apr 25, 2017 3:07:50 PM codeu.chat.server.Server$2 run
INFO: Handling connection...
Apr 25, 2017 3:07:50 PM codeu.chat.server.Server$2 run
INFO: Connection handled: ACCEPTED
Apr 25, 2017 3:07:50 PM codeu.chat.ServerMain runServer
INFO: Connection established.
Apr 25, 2017 3:07:50 PM codeu.chat.ServerMain runServer
INFO: Established connection...
Apr 25, 2017 3:07:50 PM codeu.chat.server.Server$2 run
INFO: Handling connection...
Apr 25, 2017 3:07:50 PM codeu.chat.server.Server$2 run
INFO: Connection handled: ACCEPTED
Apr 25, 2017 3:07:50 PM codeu.chat.ServerMain runServer
INFO: Connection established.
Apr 25, 2017 3:07:50 PM codeu.chat.ServerMain runServer
INFO: Established connection...
Apr 25, 2017 3:07:50 PM codeu.chat.server.Server$2 run
INFO: Handling connection...
Apr 25, 2017 3:07:50 PM codeu.chat.server.Server$2 run
INFO: Connection handled: ACCEPTED
Apr 25, 2017 3:07:52 PM codeu.chat.server.Server$1 run
INFO: Reading update from relay...
Apr 25, 2017 3:07:57 PM codeu.chat.server.Server$1 run
INFO: Reading update from relay...
Apr 25, 2017 3:08:02 PM codeu.chat.server.Server$1 run
INFO: Reading update from relay...
Apr 25, 2017 3:08:07 PM codeu.chat.server.Server$1 run
INFO: Reading update from relay...
Apr 25, 2017 3:08:12 PM codeu.chat.server.Server$1 run
INFO: Reading update from relay...
Apr 25, 2017 3:08:22 PM codeu.chat.ServerMain main
INFO: ============================= START OF LOG =============================
Apr 25, 2017 3:08:22 PM codeu.chat.ServerMain main
INFO: Starting server...
Apr 25, 2017 3:35:47 PM codeu.chat.ServerMain main
INFO: ============================= START OF LOG =============================
Apr 25, 2017 3:35:47 PM codeu.chat.ServerMain main
INFO: Starting server...
Apr 25, 2017 3:35:49 PM codeu.chat.ServerMain runServer
INFO: Created server.
Apr 25, 2017 3:35:49 PM codeu.chat.server.Server$1 run
INFO: Reading update from relay...
Apr 25, 2017 3:35:49 PM codeu.chat.ServerMain runServer
INFO: Established connection...
Apr 25, 2017 3:35:54 PM codeu.chat.server.Server$1 run
INFO: Reading update from relay...
Apr 25, 2017 3:35:59 PM codeu.chat.server.Server$1 run
INFO: Reading update from relay...
Apr 25, 2017 3:36:04 PM codeu.chat.server.Server$1 run
INFO: Reading update from relay...
Apr 25, 2017 3:36:09 PM codeu.chat.server.Server$1 run
INFO: Reading update from relay...
Apr 25, 2017 3:36:14 PM codeu.chat.server.Server$1 run
INFO: Reading update from relay...
Apr 25, 2017 3:36:19 PM codeu.chat.server.Server$1 run
INFO: Reading update from relay...
Apr 25, 2017 3:36:19 PM codeu.chat.ServerMain runServer
INFO: Connection established.
Apr 25, 2017 3:36:19 PM codeu.chat.ServerMain runServer
INFO: Established connection...
Apr 25, 2017 3:36:19 PM codeu.chat.server.Server$2 run
INFO: Handling connection...
Apr 25, 2017 3:36:19 PM codeu.chat.server.Controller newUser
INFO: newUser success (user.id=[UUID:100.3467945887] user.name=Blake user.time=25-Apr-2017 15:36:19.428 user.passHash=68d4fbcc54f764e868890711f147d9240bce172d21f3ac2cf0d8977241eb)
Apr 25, 2017 3:36:19 PM codeu.chat.ServerMain runServer
INFO: Connection established.
Apr 25, 2017 3:36:19 PM codeu.chat.ServerMain runServer
INFO: Established connection...
Apr 25, 2017 3:36:19 PM codeu.chat.server.Server$2 run
INFO: Connection handled: ACCEPTED
Apr 25, 2017 3:36:19 PM codeu.chat.server.Server$2 run
INFO: Handling connection...
Apr 25, 2017 3:36:19 PM codeu.chat.server.Server$2 run
INFO: Connection handled: ACCEPTED
Apr 25, 2017 3:36:24 PM codeu.chat.server.Server$1 run
INFO: Reading update from relay...
Apr 25, 2017 3:36:29 PM codeu.chat.server.Server$1 run
INFO: Reading update from relay...
Apr 25, 2017 3:36:34 PM codeu.chat.server.Server$1 run
INFO: Reading update from relay...
Apr 25, 2017 3:36:39 PM codeu.chat.server.Server$1 run
INFO: Reading update from relay...
Apr 25, 2017 3:36:44 PM codeu.chat.server.Server$1 run
INFO: Reading update from relay...
Apr 25, 2017 3:36:44 PM codeu.chat.ServerMain runServer
INFO: Connection established.
Apr 25, 2017 3:36:44 PM codeu.chat.server.Server$2 run
INFO: Handling connection...
Apr 25, 2017 3:36:44 PM codeu.chat.ServerMain runServer
INFO: Established connection...
Apr 25, 2017 3:36:44 PM codeu.chat.server.Server$2 run
INFO: Connection handled: ACCEPTED
Apr 25, 2017 3:36:49 PM codeu.chat.server.Server$1 run
INFO: Reading update from relay...
Apr 25, 2017 3:36:54 PM codeu.chat.server.Server$1 run
INFO: Reading update from relay...
Apr 25, 2017 3:36:59 PM codeu.chat.server.Server$1 run
INFO: Reading update from relay...
Apr 25, 2017 3:37:04 PM codeu.chat.server.Server$1 run
INFO: Reading update from relay...
Apr 25, 2017 3:37:09 PM codeu.chat.server.Server$1 run
INFO: Reading update from relay...
Apr 25, 2017 3:41:18 PM codeu.chat.ServerMain main
INFO: ============================= START OF LOG =============================
Apr 25, 2017 3:41:18 PM codeu.chat.ServerMain main
INFO: Starting server...
Apr 25, 2017 3:44:35 PM codeu.chat.ServerMain main
INFO: ============================= START OF LOG =============================
Apr 25, 2017 3:44:35 PM codeu.chat.ServerMain main
INFO: Starting server...
Apr 25, 2017 3:44:37 PM codeu.chat.ServerMain runServer
INFO: Created server.
Apr 25, 2017 3:44:37 PM codeu.chat.server.Server$1 run
INFO: Reading update from relay...
Apr 25, 2017 3:44:37 PM codeu.chat.ServerMain runServer
INFO: Established connection...
Apr 25, 2017 3:44:42 PM codeu.chat.server.Server$1 run
INFO: Reading update from relay...
Apr 25, 2017 3:44:47 PM codeu.chat.server.Server$1 run
INFO: Reading update from relay...
Apr 25, 2017 3:44:52 PM codeu.chat.server.Server$1 run
INFO: Reading update from relay...
Apr 25, 2017 3:44:53 PM codeu.chat.ServerMain runServer
INFO: Connection established.
Apr 25, 2017 3:44:53 PM codeu.chat.ServerMain runServer
INFO: Established connection...
Apr 25, 2017 3:44:53 PM codeu.chat.server.Server$2 run
INFO: Handling connection...
Apr 25, 2017 3:44:53 PM codeu.chat.server.Controller newUser
INFO: newUser success (user.id=100.782718728 user.name=Blake user.time=25-Apr-2017 15:44:53.738 user.passHash=dd46d07547eb83359e55e9bc54f89bb8b8dcfb659bbb837c2d94eac3f09a5abe)
Apr 25, 2017 3:44:53 PM codeu.chat.ServerMain runServer
INFO: Connection established.
Apr 25, 2017 3:44:53 PM codeu.chat.ServerMain runServer
INFO: Established connection...
Apr 25, 2017 3:44:53 PM codeu.chat.server.Server$2 run
SEVERE: Exception while handling connection.
org.bson.codecs.configuration.CodecConfigurationException: Can't find a codec for class codeu.chat.util.Uuid.
	at org.bson.codecs.configuration.CodecCache.getOrThrow(CodecCache.java:46)
	at org.bson.codecs.configuration.ProvidersCodecRegistry.get(ProvidersCodecRegistry.java:63)
	at org.bson.codecs.configuration.ChildCodecRegistry.get(ChildCodecRegistry.java:51)
	at org.bson.codecs.DocumentCodec.writeValue(DocumentCodec.java:174)
	at org.bson.codecs.DocumentCodec.writeMap(DocumentCodec.java:189)
	at org.bson.codecs.DocumentCodec.encode(DocumentCodec.java:131)
	at org.bson.codecs.DocumentCodec.encode(DocumentCodec.java:45)
	at org.bson.codecs.BsonDocumentWrapperCodec.encode(BsonDocumentWrapperCodec.java:63)
	at org.bson.codecs.BsonDocumentWrapperCodec.encode(BsonDocumentWrapperCodec.java:29)
	at com.mongodb.connection.InsertCommandMessage.writeTheWrites(InsertCommandMessage.java:101)
	at com.mongodb.connection.InsertCommandMessage.writeTheWrites(InsertCommandMessage.java:43)
	at com.mongodb.connection.BaseWriteCommandMessage.encodeMessageBodyWithMetadata(BaseWriteCommandMessage.java:129)
	at com.mongodb.connection.RequestMessage.encodeWithMetadata(RequestMessage.java:160)
	at com.mongodb.connection.WriteCommandProtocol.sendMessage(WriteCommandProtocol.java:220)
	at com.mongodb.connection.WriteCommandProtocol.execute(WriteCommandProtocol.java:101)
	at com.mongodb.connection.InsertCommandProtocol.execute(InsertCommandProtocol.java:67)
	at com.mongodb.connection.InsertCommandProtocol.execute(InsertCommandProtocol.java:37)
	at com.mongodb.connection.DefaultServer$DefaultServerProtocolExecutor.execute(DefaultServer.java:168)
	at com.mongodb.connection.DefaultServerConnection.executeProtocol(DefaultServerConnection.java:289)
	at com.mongodb.connection.DefaultServerConnection.insertCommand(DefaultServerConnection.java:118)
	at com.mongodb.operation.MixedBulkWriteOperation$Run$2.executeWriteCommandProtocol(MixedBulkWriteOperation.java:465)
	at com.mongodb.operation.MixedBulkWriteOperation$Run$RunExecutor.execute(MixedBulkWriteOperation.java:656)
	at com.mongodb.operation.MixedBulkWriteOperation$Run.execute(MixedBulkWriteOperation.java:411)
	at com.mongodb.operation.MixedBulkWriteOperation$1.call(MixedBulkWriteOperation.java:177)
	at com.mongodb.operation.MixedBulkWriteOperation$1.call(MixedBulkWriteOperation.java:168)
	at com.mongodb.operation.OperationHelper.withConnectionSource(OperationHelper.java:422)
	at com.mongodb.operation.OperationHelper.withConnection(OperationHelper.java:413)
	at com.mongodb.operation.MixedBulkWriteOperation.execute(MixedBulkWriteOperation.java:168)
	at com.mongodb.operation.MixedBulkWriteOperation.execute(MixedBulkWriteOperation.java:74)
	at com.mongodb.Mongo.execute(Mongo.java:845)
	at com.mongodb.Mongo$2.execute(Mongo.java:828)
	at com.mongodb.MongoCollectionImpl.executeSingleWriteRequest(MongoCollectionImpl.java:550)
	at com.mongodb.MongoCollectionImpl.insertOne(MongoCollectionImpl.java:317)
	at com.mongodb.MongoCollectionImpl.insertOne(MongoCollectionImpl.java:307)
	at codeu.chat.database.Database.write(Database.java:68)
	at codeu.chat.server.Server.onMessage(Server.java:167)
	at codeu.chat.server.Server.access$400(Server.java:43)
	at codeu.chat.server.Server$2.run(Server.java:114)
	at codeu.chat.util.Timeline$2.run(Timeline.java:116)

Apr 25, 2017 3:44:53 PM codeu.chat.server.Server$2 run
INFO: Handling connection...
Apr 25, 2017 3:44:53 PM codeu.chat.server.Server$2 run
INFO: Connection handled: ACCEPTED
Apr 25, 2017 3:44:57 PM codeu.chat.server.Server$1 run
INFO: Reading update from relay...
Apr 25, 2017 3:45:02 PM codeu.chat.server.Server$1 run
INFO: Reading update from relay...
Apr 25, 2017 3:45:07 PM codeu.chat.server.Server$1 run
INFO: Reading update from relay...
Apr 25, 2017 3:45:12 PM codeu.chat.server.Server$1 run
INFO: Reading update from relay...
Apr 25, 2017 3:45:17 PM codeu.chat.server.Server$1 run
INFO: Reading update from relay...
Apr 25, 2017 3:45:22 PM codeu.chat.server.Server$1 run
INFO: Reading update from relay...
Apr 25, 2017 3:45:27 PM codeu.chat.server.Server$1 run
INFO: Reading update from relay...
Apr 25, 2017 3:45:32 PM codeu.chat.server.Server$1 run
INFO: Reading update from relay...
May 16, 2017 7:12:04 AM codeu.chat.ServerMain main
INFO: ============================= START OF LOG =============================
May 16, 2017 7:12:04 AM codeu.chat.ServerMain main
INFO: Starting server...
May 16, 2017 7:12:06 AM codeu.chat.server.Server$1 run
INFO: Reading update from relay...
May 16, 2017 7:12:06 AM codeu.chat.ServerMain runServer
INFO: Created server.
May 16, 2017 7:12:06 AM codeu.chat.ServerMain runServer
INFO: Established connection...
May 16, 2017 7:12:11 AM codeu.chat.server.Server$1 run
INFO: Reading update from relay...
May 16, 2017 7:12:16 AM codeu.chat.server.Server$1 run
INFO: Reading update from relay...
May 16, 2017 7:12:21 AM codeu.chat.server.Server$1 run
INFO: Reading update from relay...
May 16, 2017 7:12:26 AM codeu.chat.server.Server$1 run
INFO: Reading update from relay...
May 16, 2017 7:12:31 AM codeu.chat.server.Server$1 run
INFO: Reading update from relay...
May 16, 2017 7:12:36 AM codeu.chat.server.Server$1 run
INFO: Reading update from relay...
May 16, 2017 7:12:41 AM codeu.chat.server.Server$1 run
INFO: Reading update from relay...
May 16, 2017 7:12:46 AM codeu.chat.server.Server$1 run
INFO: Reading update from relay...
May 16, 2017 7:12:51 AM codeu.chat.server.Server$1 run
INFO: Reading update from relay...
May 16, 2017 7:12:56 AM codeu.chat.server.Server$1 run
INFO: Reading update from relay...
May 16, 2017 7:12:59 AM codeu.chat.ServerMain runServer
INFO: Connection established.
May 16, 2017 7:12:59 AM codeu.chat.ServerMain runServer
INFO: Established connection...
May 16, 2017 7:12:59 AM codeu.chat.server.Server$2 run
INFO: Handling connection...
May 16, 2017 7:12:59 AM codeu.chat.server.Controller newUser
INFO: newUser success (user.id=100.3539410710 user.name=JacobWarner user.time=16-May-2017 07:12:59.582 user.passHash=e59273e776d3f9f5dd3a32b0a7fb7c69ecab4fdb12fe817f1cfd40d51ce9)
May 16, 2017 7:12:59 AM codeu.chat.ServerMain runServer
INFO: Connection established.
May 16, 2017 7:12:59 AM codeu.chat.ServerMain runServer
INFO: Established connection...
May 16, 2017 7:12:59 AM codeu.chat.server.Server$2 run
INFO: Connection handled: ACCEPTED
May 16, 2017 7:12:59 AM codeu.chat.server.Server$2 run
INFO: Handling connection...
May 16, 2017 7:12:59 AM codeu.chat.server.Server$2 run
INFO: Connection handled: ACCEPTED
May 16, 2017 7:13:01 AM codeu.chat.server.Server$1 run
INFO: Reading update from relay...
May 16, 2017 7:13:06 AM codeu.chat.server.Server$1 run
INFO: Reading update from relay...
May 16, 2017 7:13:11 AM codeu.chat.server.Server$1 run
INFO: Reading update from relay...
May 16, 2017 7:13:16 AM codeu.chat.server.Server$1 run
INFO: Reading update from relay...
May 16, 2017 7:13:21 AM codeu.chat.server.Server$1 run
INFO: Reading update from relay...
May 16, 2017 7:13:26 AM codeu.chat.server.Server$1 run
INFO: Reading update from relay...
May 16, 2017 7:13:31 AM codeu.chat.server.Server$1 run
INFO: Reading update from relay...
May 16, 2017 7:13:36 AM codeu.chat.server.Server$1 run
INFO: Reading update from relay...
May 16, 2017 7:13:41 AM codeu.chat.server.Server$1 run
INFO: Reading update from relay...
May 16, 2017 7:13:46 AM codeu.chat.server.Server$1 run
INFO: Reading update from relay...
May 16, 2017 7:13:51 AM codeu.chat.server.Server$1 run
INFO: Reading update from relay...
May 16, 2017 7:13:56 AM codeu.chat.server.Server$1 run
INFO: Reading update from relay...
May 16, 2017 7:14:01 AM codeu.chat.server.Server$1 run
INFO: Reading update from relay...
May 16, 2017 7:14:06 AM codeu.chat.server.Server$1 run
INFO: Reading update from relay...
May 16, 2017 7:14:11 AM codeu.chat.server.Server$1 run
INFO: Reading update from relay...
May 16, 2017 7:14:12 AM codeu.chat.ServerMain runServer
INFO: Connection established.
May 16, 2017 7:14:12 AM codeu.chat.ServerMain runServer
INFO: Established connection...
May 16, 2017 7:14:12 AM codeu.chat.server.Server$2 run
INFO: Handling connection...
May 16, 2017 7:14:12 AM codeu.chat.server.Server$2 run
INFO: Connection handled: ACCEPTED
May 16, 2017 7:14:16 AM codeu.chat.server.Server$1 run
INFO: Reading update from relay...
May 16, 2017 7:14:21 AM codeu.chat.server.Server$1 run
INFO: Reading update from relay...
May 16, 2017 7:14:26 AM codeu.chat.server.Server$1 run
INFO: Reading update from relay...
May 16, 2017 7:14:31 AM codeu.chat.server.Server$1 run
INFO: Reading update from relay...
May 16, 2017 7:14:36 AM codeu.chat.server.Server$1 run
INFO: Reading update from relay...
May 16, 2017 7:14:41 AM codeu.chat.server.Server$1 run
INFO: Reading update from relay...
May 16, 2017 7:14:46 AM codeu.chat.server.Server$1 run
INFO: Reading update from relay...
May 16, 2017 7:15:09 AM codeu.chat.ServerMain main
INFO: ============================= START OF LOG =============================
May 16, 2017 7:15:09 AM codeu.chat.ServerMain main
INFO: Starting server...
May 16, 2017 7:15:11 AM codeu.chat.server.Controller newUser
INFO: newUser success (user.id=100.3539410710 user.name=JacobWarner user.time=16-May-2017 07:12:59.582 user.passHash=e59273e776d3f9f5dd3a32b0a7fb7c69ecab4fdb12fe817f1cfd40d51ce9)
May 16, 2017 7:15:11 AM codeu.chat.ServerMain runServer
INFO: Created server.
May 16, 2017 7:15:11 AM codeu.chat.server.Server$1 run
INFO: Reading update from relay...
May 16, 2017 7:15:11 AM codeu.chat.ServerMain runServer
INFO: Established connection...
May 16, 2017 7:15:16 AM codeu.chat.server.Server$1 run
INFO: Reading update from relay...
May 16, 2017 7:15:21 AM codeu.chat.server.Server$1 run
INFO: Reading update from relay...
May 16, 2017 7:15:26 AM codeu.chat.server.Server$1 run
INFO: Reading update from relay...
May 16, 2017 7:15:31 AM codeu.chat.server.Server$1 run
INFO: Reading update from relay...
May 16, 2017 7:15:36 AM codeu.chat.server.Server$1 run
INFO: Reading update from relay...
May 16, 2017 7:15:41 AM codeu.chat.server.Server$1 run
INFO: Reading update from relay...
May 16, 2017 7:15:46 AM codeu.chat.server.Server$1 run
INFO: Reading update from relay...
May 16, 2017 7:15:51 AM codeu.chat.server.Server$1 run
INFO: Reading update from relay...
May 16, 2017 7:15:56 AM codeu.chat.server.Server$1 run
INFO: Reading update from relay...
May 16, 2017 7:16:00 AM codeu.chat.ServerMain runServer
INFO: Connection established.
May 16, 2017 7:16:00 AM codeu.chat.ServerMain runServer
INFO: Established connection...
May 16, 2017 7:16:00 AM codeu.chat.server.Server$2 run
INFO: Handling connection...
May 16, 2017 7:16:00 AM codeu.chat.server.Server$2 run
INFO: Connection handled: ACCEPTED
May 16, 2017 7:16:01 AM codeu.chat.server.Server$1 run
INFO: Reading update from relay...
May 16, 2017 7:16:06 AM codeu.chat.server.Server$1 run
INFO: Reading update from relay...
May 16, 2017 7:16:11 AM codeu.chat.server.Server$1 run
INFO: Reading update from relay...
May 16, 2017 7:16:16 AM codeu.chat.server.Server$1 run
INFO: Reading update from relay...
May 16, 2017 7:16:21 AM codeu.chat.server.Server$1 run
INFO: Reading update from relay...
May 16, 2017 7:16:21 AM codeu.chat.ServerMain runServer
INFO: Connection established.
May 16, 2017 7:16:21 AM codeu.chat.ServerMain runServer
INFO: Established connection...
May 16, 2017 7:16:21 AM codeu.chat.server.Server$2 run
INFO: Handling connection...
May 16, 2017 7:16:21 AM codeu.chat.server.Server$2 run
INFO: Connection handled: ACCEPTED
May 16, 2017 7:16:26 AM codeu.chat.server.Server$1 run
INFO: Reading update from relay...
May 16, 2017 7:16:31 AM codeu.chat.server.Server$1 run
INFO: Reading update from relay...
May 16, 2017 7:16:36 AM codeu.chat.server.Server$1 run
INFO: Reading update from relay...
May 16, 2017 7:16:37 AM codeu.chat.ServerMain runServer
INFO: Connection established.
May 16, 2017 7:16:37 AM codeu.chat.ServerMain runServer
INFO: Established connection...
May 16, 2017 7:16:37 AM codeu.chat.server.Server$2 run
INFO: Handling connection...
May 16, 2017 7:16:37 AM codeu.chat.server.Controller newUser
INFO: newUser success (user.id=100.3144535745 user.name=TestOne user.time=16-May-2017 07:16:37.184 user.passHash=b19915a69c3b7d6d6e83f2a773af36c1e19a1bb2fd4e7b490a8bf242cbc27a2)
May 16, 2017 7:16:37 AM codeu.chat.ServerMain runServer
INFO: Connection established.
May 16, 2017 7:16:37 AM codeu.chat.ServerMain runServer
INFO: Established connection...
May 16, 2017 7:16:37 AM codeu.chat.server.Server$2 run
INFO: Connection handled: ACCEPTED
May 16, 2017 7:16:37 AM codeu.chat.server.Server$2 run
INFO: Handling connection...
May 16, 2017 7:16:37 AM codeu.chat.server.Server$2 run
INFO: Connection handled: ACCEPTED
May 16, 2017 7:16:41 AM codeu.chat.server.Server$1 run
INFO: Reading update from relay...
May 16, 2017 7:16:43 AM codeu.chat.ServerMain runServer
INFO: Connection established.
May 16, 2017 7:16:43 AM codeu.chat.ServerMain runServer
INFO: Established connection...
May 16, 2017 7:16:43 AM codeu.chat.server.Server$2 run
INFO: Handling connection...
May 16, 2017 7:16:43 AM codeu.chat.server.Controller newUser
INFO: newUser success (user.id=100.2894321312 user.name=TestTwo user.time=16-May-2017 07:16:43.498 user.passHash=2cae77cc8d7b948643efd8ef8e39bba1382ec2b4ccfcc78150eef8af6b3b81a)
May 16, 2017 7:16:43 AM codeu.chat.server.Server$2 run
INFO: Connection handled: ACCEPTED
May 16, 2017 7:16:43 AM codeu.chat.ServerMain runServer
INFO: Connection established.
May 16, 2017 7:16:43 AM codeu.chat.server.Server$2 run
INFO: Handling connection...
May 16, 2017 7:16:43 AM codeu.chat.ServerMain runServer
INFO: Established connection...
May 16, 2017 7:16:43 AM codeu.chat.server.Server$2 run
INFO: Connection handled: ACCEPTED
May 16, 2017 7:16:46 AM codeu.chat.server.Server$1 run
INFO: Reading update from relay...
May 16, 2017 7:16:51 AM codeu.chat.server.Server$1 run
INFO: Reading update from relay...
May 16, 2017 7:16:53 AM codeu.chat.ServerMain runServer
INFO: Connection established.
May 16, 2017 7:16:53 AM codeu.chat.ServerMain runServer
INFO: Established connection...
May 16, 2017 7:16:53 AM codeu.chat.server.Server$2 run
INFO: Handling connection...
May 16, 2017 7:16:53 AM codeu.chat.server.Controller newUser
INFO: newUser success (user.id=100.1118762724 user.name=TestThree user.time=16-May-2017 07:16:53.606 user.passHash=2081cb5acd38d29d65d563a67956b20eb54debc8b469b1de2c6aed9d87624)
May 16, 2017 7:16:53 AM codeu.chat.server.Server$2 run
INFO: Connection handled: ACCEPTED
May 16, 2017 7:16:53 AM codeu.chat.ServerMain runServer
INFO: Connection established.
May 16, 2017 7:16:53 AM codeu.chat.ServerMain runServer
INFO: Established connection...
May 16, 2017 7:16:53 AM codeu.chat.server.Server$2 run
INFO: Handling connection...
May 16, 2017 7:16:53 AM codeu.chat.server.Server$2 run
INFO: Connection handled: ACCEPTED
May 16, 2017 7:16:56 AM codeu.chat.server.Server$1 run
INFO: Reading update from relay...
May 16, 2017 7:17:01 AM codeu.chat.server.Server$1 run
INFO: Reading update from relay...
May 16, 2017 7:17:23 AM codeu.chat.ServerMain main
INFO: ============================= START OF LOG =============================
May 16, 2017 7:17:23 AM codeu.chat.ServerMain main
INFO: Starting server...
May 16, 2017 7:17:25 AM codeu.chat.server.Controller newUser
INFO: newUser success (user.id=100.3539410710 user.name=JacobWarner user.time=16-May-2017 07:12:59.582 user.passHash=e59273e776d3f9f5dd3a32b0a7fb7c69ecab4fdb12fe817f1cfd40d51ce9)
May 16, 2017 7:17:25 AM codeu.chat.server.Controller newUser
INFO: newUser success (user.id=100.3144535745 user.name=TestOne user.time=16-May-2017 07:16:37.184 user.passHash=b19915a69c3b7d6d6e83f2a773af36c1e19a1bb2fd4e7b490a8bf242cbc27a2)
May 16, 2017 7:17:25 AM codeu.chat.server.Controller newUser
INFO: newUser success (user.id=100.2894321312 user.name=TestTwo user.time=16-May-2017 07:16:43.498 user.passHash=2cae77cc8d7b948643efd8ef8e39bba1382ec2b4ccfcc78150eef8af6b3b81a)
May 16, 2017 7:17:25 AM codeu.chat.server.Controller newUser
INFO: newUser success (user.id=100.1118762724 user.name=TestThree user.time=16-May-2017 07:16:53.606 user.passHash=2081cb5acd38d29d65d563a67956b20eb54debc8b469b1de2c6aed9d87624)
May 16, 2017 7:17:25 AM codeu.chat.ServerMain runServer
INFO: Created server.
May 16, 2017 7:17:25 AM codeu.chat.server.Server$1 run
INFO: Reading update from relay...
May 16, 2017 7:17:25 AM codeu.chat.ServerMain runServer
INFO: Established connection...
May 16, 2017 7:17:30 AM codeu.chat.server.Server$1 run
INFO: Reading update from relay...
May 16, 2017 7:17:35 AM codeu.chat.server.Server$1 run
INFO: Reading update from relay...
May 16, 2017 7:17:40 AM codeu.chat.server.Server$1 run
INFO: Reading update from relay...
May 16, 2017 7:17:45 AM codeu.chat.server.Server$1 run
INFO: Reading update from relay...
May 16, 2017 7:17:50 AM codeu.chat.server.Server$1 run
INFO: Reading update from relay...
May 16, 2017 7:17:50 AM codeu.chat.ServerMain runServer
INFO: Connection established.
May 16, 2017 7:17:50 AM codeu.chat.ServerMain runServer
INFO: Established connection...
May 16, 2017 7:17:50 AM codeu.chat.server.Server$2 run
INFO: Handling connection...
May 16, 2017 7:17:50 AM codeu.chat.server.Server$2 run
INFO: Connection handled: ACCEPTED
May 16, 2017 7:17:55 AM codeu.chat.server.Server$1 run
INFO: Reading update from relay...
May 16, 2017 7:18:00 AM codeu.chat.server.Server$1 run
INFO: Reading update from relay...
May 16, 2017 7:18:05 AM codeu.chat.server.Server$1 run
INFO: Reading update from relay...
May 16, 2017 7:18:10 AM codeu.chat.server.Server$1 run
INFO: Reading update from relay...
May 16, 2017 7:18:13 AM codeu.chat.ServerMain runServer
INFO: Connection established.
May 16, 2017 7:18:13 AM codeu.chat.ServerMain runServer
INFO: Established connection...
May 16, 2017 7:18:13 AM codeu.chat.server.Server$2 run
INFO: Handling connection...
May 16, 2017 7:18:13 AM codeu.chat.server.Server$2 run
INFO: Connection handled: ACCEPTED
May 16, 2017 7:18:15 AM codeu.chat.server.Server$1 run
INFO: Reading update from relay...
May 16, 2017 7:18:20 AM codeu.chat.server.Server$1 run
INFO: Reading update from relay...
May 16, 2017 7:18:22 AM codeu.chat.ServerMain runServer
INFO: Connection established.
May 16, 2017 7:18:22 AM codeu.chat.server.Server$2 run
INFO: Handling connection...
May 16, 2017 7:18:22 AM codeu.chat.ServerMain runServer
INFO: Established connection...
May 16, 2017 7:18:22 AM codeu.chat.server.Controller newConversation
INFO: Conversation added: 100.3679147369
May 16, 2017 7:18:22 AM codeu.chat.ServerMain runServer
INFO: Connection established.
May 16, 2017 7:18:22 AM codeu.chat.ServerMain runServer
INFO: Established connection...
May 16, 2017 7:18:22 AM codeu.chat.server.Server$2 run
INFO: Connection handled: ACCEPTED
May 16, 2017 7:18:22 AM codeu.chat.server.Server$2 run
INFO: Handling connection...
May 16, 2017 7:18:22 AM codeu.chat.server.Server$2 run
INFO: Connection handled: ACCEPTED
May 16, 2017 7:18:22 AM codeu.chat.ServerMain runServer
INFO: Connection established.
May 16, 2017 7:18:22 AM codeu.chat.ServerMain runServer
INFO: Established connection...
May 16, 2017 7:18:22 AM codeu.chat.server.Server$2 run
INFO: Handling connection...
May 16, 2017 7:18:22 AM codeu.chat.server.Server$2 run
INFO: Connection handled: ACCEPTED
May 16, 2017 7:18:22 AM codeu.chat.ServerMain runServer
INFO: Connection established.
May 16, 2017 7:18:22 AM codeu.chat.server.Server$2 run
INFO: Handling connection...
May 16, 2017 7:18:22 AM codeu.chat.ServerMain runServer
INFO: Established connection...
May 16, 2017 7:18:22 AM codeu.chat.server.Server$2 run
INFO: Connection handled: ACCEPTED
May 16, 2017 7:18:25 AM codeu.chat.server.Server$1 run
INFO: Reading update from relay...
May 16, 2017 7:18:30 AM codeu.chat.server.Server$1 run
INFO: Reading update from relay...
May 16, 2017 7:18:31 AM codeu.chat.ServerMain runServer
INFO: Connection established.
May 16, 2017 7:18:31 AM codeu.chat.server.Server$2 run
INFO: Handling connection...
May 16, 2017 7:18:31 AM codeu.chat.ServerMain runServer
INFO: Established connection...
May 16, 2017 7:18:31 AM codeu.chat.server.Server$2 run
INFO: Connection handled: ACCEPTED
May 16, 2017 7:18:35 AM codeu.chat.server.Server$1 run
INFO: Reading update from relay...
May 16, 2017 7:18:40 AM codeu.chat.server.Server$1 run
INFO: Reading update from relay...
May 16, 2017 7:18:45 AM codeu.chat.server.Server$1 run
INFO: Reading update from relay...
May 16, 2017 7:18:50 AM codeu.chat.server.Server$1 run
INFO: Reading update from relay...
May 16, 2017 7:18:55 AM codeu.chat.server.Server$1 run
INFO: Reading update from relay...
May 16, 2017 7:19:00 AM codeu.chat.server.Server$1 run
INFO: Reading update from relay...
May 16, 2017 7:19:05 AM codeu.chat.server.Server$1 run
INFO: Reading update from relay...
May 16, 2017 7:19:09 AM codeu.chat.ServerMain runServer
INFO: Connection established.
May 16, 2017 7:19:09 AM codeu.chat.server.Server$2 run
INFO: Handling connection...
May 16, 2017 7:19:09 AM codeu.chat.ServerMain runServer
INFO: Established connection...
May 16, 2017 7:19:09 AM codeu.chat.server.Controller newMessage
INFO: Message added: 100.1811835329
May 16, 2017 7:19:09 AM codeu.chat.ServerMain runServer
INFO: Connection established.
May 16, 2017 7:19:09 AM codeu.chat.ServerMain runServer
INFO: Established connection...
May 16, 2017 7:19:09 AM codeu.chat.server.Server$2 run
INFO: Connection handled: ACCEPTED
May 16, 2017 7:19:09 AM codeu.chat.server.Server$2 run
INFO: Handling connection...
May 16, 2017 7:19:09 AM codeu.chat.server.Server$2 run
INFO: Connection handled: ACCEPTED
May 16, 2017 7:19:09 AM codeu.chat.ServerMain runServer
INFO: Connection established.
May 16, 2017 7:19:09 AM codeu.chat.ServerMain runServer
INFO: Established connection...
May 16, 2017 7:19:09 AM codeu.chat.server.Server$2 run
INFO: Handling connection...
May 16, 2017 7:19:09 AM codeu.chat.server.View getMessages
INFO: in getMessage: UUID=100.1811835329 range=5
May 16, 2017 7:19:09 AM codeu.chat.server.Server$2 run
INFO: Connection handled: ACCEPTED
May 16, 2017 7:19:10 AM codeu.chat.server.Server$1 run
INFO: Reading update from relay...
May 16, 2017 7:19:15 AM codeu.chat.server.Server$1 run
INFO: Reading update from relay...
May 16, 2017 7:19:20 AM codeu.chat.server.Server$1 run
INFO: Reading update from relay...
May 16, 2017 7:19:23 AM codeu.chat.ServerMain runServer
INFO: Connection established.
May 16, 2017 7:19:23 AM codeu.chat.server.Server$2 run
INFO: Handling connection...
May 16, 2017 7:19:23 AM codeu.chat.ServerMain runServer
INFO: Established connection...
May 16, 2017 7:19:23 AM codeu.chat.server.Controller newMessage
INFO: Message added: 100.3646061820
May 16, 2017 7:19:23 AM codeu.chat.server.Server$2 run
INFO: Connection handled: ACCEPTED
May 16, 2017 7:19:23 AM codeu.chat.ServerMain runServer
INFO: Connection established.
May 16, 2017 7:19:23 AM codeu.chat.server.Server$2 run
INFO: Handling connection...
May 16, 2017 7:19:23 AM codeu.chat.ServerMain runServer
INFO: Established connection...
May 16, 2017 7:19:23 AM codeu.chat.server.Server$2 run
INFO: Connection handled: ACCEPTED
May 16, 2017 7:19:23 AM codeu.chat.ServerMain runServer
INFO: Connection established.
May 16, 2017 7:19:23 AM codeu.chat.ServerMain runServer
INFO: Established connection...
May 16, 2017 7:19:23 AM codeu.chat.server.Server$2 run
INFO: Handling connection...
May 16, 2017 7:19:23 AM codeu.chat.server.View getMessages
INFO: in getMessage: UUID=100.1811835329 range=1
May 16, 2017 7:19:23 AM codeu.chat.server.Server$2 run
INFO: Connection handled: ACCEPTED
May 16, 2017 7:19:23 AM codeu.chat.ServerMain runServer
INFO: Connection established.
May 16, 2017 7:19:23 AM codeu.chat.ServerMain runServer
INFO: Established connection...
May 16, 2017 7:19:23 AM codeu.chat.server.Server$2 run
INFO: Handling connection...
May 16, 2017 7:19:23 AM codeu.chat.server.View getMessages
INFO: in getMessage: UUID=100.3646061820 range=5
May 16, 2017 7:19:23 AM codeu.chat.server.Server$2 run
INFO: Connection handled: ACCEPTED
May 16, 2017 7:19:25 AM codeu.chat.server.Server$1 run
INFO: Reading update from relay...
May 16, 2017 7:19:30 AM codeu.chat.server.Server$1 run
INFO: Reading update from relay...
May 16, 2017 7:19:35 AM codeu.chat.server.Server$1 run
INFO: Reading update from relay...
May 16, 2017 7:19:39 AM codeu.chat.ServerMain runServer
INFO: Connection established.
May 16, 2017 7:19:39 AM codeu.chat.ServerMain runServer
INFO: Established connection...
May 16, 2017 7:19:39 AM codeu.chat.server.Server$2 run
INFO: Handling connection...
May 16, 2017 7:19:39 AM codeu.chat.server.Server$2 run
INFO: Connection handled: ACCEPTED
May 16, 2017 7:19:40 AM codeu.chat.server.Server$1 run
INFO: Reading update from relay...
May 16, 2017 7:19:44 AM codeu.chat.ServerMain runServer
INFO: Connection established.
May 16, 2017 7:19:44 AM codeu.chat.ServerMain runServer
INFO: Established connection...
May 16, 2017 7:19:44 AM codeu.chat.server.Server$2 run
INFO: Handling connection...
May 16, 2017 7:19:44 AM codeu.chat.server.Server$2 run
INFO: Connection handled: ACCEPTED
May 16, 2017 7:19:45 AM codeu.chat.server.Server$1 run
INFO: Reading update from relay...
May 16, 2017 7:19:50 AM codeu.chat.server.Server$1 run
INFO: Reading update from relay...
May 16, 2017 7:19:55 AM codeu.chat.server.Server$1 run
INFO: Reading update from relay...
May 16, 2017 7:20:00 AM codeu.chat.server.Server$1 run
INFO: Reading update from relay...
May 16, 2017 7:20:05 AM codeu.chat.server.Server$1 run
INFO: Reading update from relay...
May 16, 2017 7:20:38 AM codeu.chat.ServerMain main
INFO: ============================= START OF LOG =============================
May 16, 2017 7:20:38 AM codeu.chat.ServerMain main
INFO: Starting server...
May 16, 2017 7:20:40 AM codeu.chat.server.Controller newUser
INFO: newUser success (user.id=100.3539410710 user.name=JacobWarner user.time=16-May-2017 07:12:59.582 user.passHash=e59273e776d3f9f5dd3a32b0a7fb7c69ecab4fdb12fe817f1cfd40d51ce9)
May 16, 2017 7:20:40 AM codeu.chat.server.Controller newUser
INFO: newUser success (user.id=100.3144535745 user.name=TestOne user.time=16-May-2017 07:16:37.184 user.passHash=b19915a69c3b7d6d6e83f2a773af36c1e19a1bb2fd4e7b490a8bf242cbc27a2)
May 16, 2017 7:20:40 AM codeu.chat.server.Controller newUser
INFO: newUser success (user.id=100.2894321312 user.name=TestTwo user.time=16-May-2017 07:16:43.498 user.passHash=2cae77cc8d7b948643efd8ef8e39bba1382ec2b4ccfcc78150eef8af6b3b81a)
May 16, 2017 7:20:40 AM codeu.chat.server.Controller newUser
INFO: newUser success (user.id=100.1118762724 user.name=TestThree user.time=16-May-2017 07:16:53.606 user.passHash=2081cb5acd38d29d65d563a67956b20eb54debc8b469b1de2c6aed9d87624)
May 16, 2017 7:20:40 AM codeu.chat.server.Controller newConversation
INFO: Conversation added: 100.3679147369
May 16, 2017 7:20:40 AM codeu.chat.ServerMain runServer
INFO: Created server.
May 16, 2017 7:20:40 AM codeu.chat.server.Server$1 run
INFO: Reading update from relay...
May 16, 2017 7:20:40 AM codeu.chat.ServerMain runServer
INFO: Established connection...
May 16, 2017 7:20:45 AM codeu.chat.server.Server$1 run
INFO: Reading update from relay...
May 16, 2017 7:20:50 AM codeu.chat.server.Server$1 run
INFO: Reading update from relay...
May 16, 2017 7:20:55 AM codeu.chat.server.Server$1 run
INFO: Reading update from relay...
May 16, 2017 7:20:58 AM codeu.chat.ServerMain runServer
INFO: Connection established.
May 16, 2017 7:20:58 AM codeu.chat.ServerMain runServer
INFO: Established connection...
May 16, 2017 7:20:58 AM codeu.chat.server.Server$2 run
INFO: Handling connection...
May 16, 2017 7:20:58 AM codeu.chat.server.Server$2 run
INFO: Connection handled: ACCEPTED
May 16, 2017 7:21:00 AM codeu.chat.server.Server$1 run
INFO: Reading update from relay...
May 16, 2017 7:21:02 AM codeu.chat.ServerMain runServer
INFO: Connection established.
May 16, 2017 7:21:02 AM codeu.chat.ServerMain runServer
INFO: Established connection...
May 16, 2017 7:21:02 AM codeu.chat.server.Server$2 run
INFO: Handling connection...
May 16, 2017 7:21:02 AM codeu.chat.server.Server$2 run
INFO: Connection handled: ACCEPTED
May 16, 2017 7:21:05 AM codeu.chat.server.Server$1 run
INFO: Reading update from relay...
May 16, 2017 7:21:10 AM codeu.chat.server.Server$1 run
INFO: Reading update from relay...
May 16, 2017 7:21:14 AM codeu.chat.ServerMain runServer
INFO: Connection established.
May 16, 2017 7:21:14 AM codeu.chat.server.Server$2 run
INFO: Handling connection...
May 16, 2017 7:21:14 AM codeu.chat.ServerMain runServer
INFO: Established connection...
May 16, 2017 7:21:14 AM codeu.chat.server.Server$2 run
INFO: Connection handled: ACCEPTED
May 16, 2017 7:21:15 AM codeu.chat.server.Server$1 run
INFO: Reading update from relay...
May 16, 2017 7:21:20 AM codeu.chat.server.Server$1 run
INFO: Reading update from relay...
May 16, 2017 7:21:21 AM codeu.chat.ServerMain runServer
INFO: Connection established.
May 16, 2017 7:21:21 AM codeu.chat.ServerMain runServer
INFO: Established connection...
May 16, 2017 7:21:21 AM codeu.chat.server.Server$2 run
INFO: Handling connection...
May 16, 2017 7:21:21 AM codeu.chat.server.Server$2 run
INFO: Connection handled: ACCEPTED
May 16, 2017 7:21:21 AM codeu.chat.ServerMain runServer
INFO: Connection established.
May 16, 2017 7:21:21 AM codeu.chat.ServerMain runServer
INFO: Established connection...
May 16, 2017 7:21:21 AM codeu.chat.server.Server$2 run
INFO: Handling connection...
May 16, 2017 7:21:21 AM codeu.chat.server.Server$2 run
INFO: Connection handled: ACCEPTED
May 16, 2017 7:21:21 AM codeu.chat.ServerMain runServer
INFO: Connection established.
May 16, 2017 7:21:21 AM codeu.chat.server.Server$2 run
INFO: Handling connection...
May 16, 2017 7:21:21 AM codeu.chat.ServerMain runServer
INFO: Established connection...
May 16, 2017 7:21:21 AM codeu.chat.server.Server$2 run
INFO: Connection handled: ACCEPTED
May 16, 2017 7:21:25 AM codeu.chat.server.Server$1 run
INFO: Reading update from relay...
May 16, 2017 7:21:30 AM codeu.chat.server.Server$1 run
INFO: Reading update from relay...
May 16, 2017 7:21:35 AM codeu.chat.server.Server$1 run
INFO: Reading update from relay...
May 16, 2017 7:21:40 AM codeu.chat.server.Server$1 run
INFO: Reading update from relay...
May 16, 2017 7:21:45 AM codeu.chat.server.Server$1 run
INFO: Reading update from relay...
May 16, 2017 7:21:45 AM codeu.chat.ServerMain runServer
INFO: Connection established.
May 16, 2017 7:21:45 AM codeu.chat.server.Server$2 run
INFO: Handling connection...
May 16, 2017 7:21:45 AM codeu.chat.ServerMain runServer
INFO: Established connection...
May 16, 2017 7:21:45 AM codeu.chat.server.Server$2 run
INFO: Connection handled: ACCEPTED
May 16, 2017 7:21:50 AM codeu.chat.server.Server$1 run
INFO: Reading update from relay...
May 16, 2017 7:21:53 AM codeu.chat.ServerMain runServer
INFO: Connection established.
May 16, 2017 7:21:53 AM codeu.chat.server.Server$2 run
INFO: Handling connection...
May 16, 2017 7:21:53 AM codeu.chat.ServerMain runServer
INFO: Established connection...
May 16, 2017 7:21:53 AM codeu.chat.server.Server$2 run
INFO: Connection handled: ACCEPTED
May 16, 2017 7:21:55 AM codeu.chat.server.Server$1 run
INFO: Reading update from relay...
May 16, 2017 7:21:55 AM codeu.chat.ServerMain runServer
INFO: Connection established.
May 16, 2017 7:21:55 AM codeu.chat.ServerMain runServer
INFO: Established connection...
May 16, 2017 7:21:55 AM codeu.chat.server.Server$2 run
INFO: Handling connection...
May 16, 2017 7:21:55 AM codeu.chat.server.Server$2 run
INFO: Connection handled: ACCEPTED
May 16, 2017 7:21:55 AM codeu.chat.ServerMain runServer
INFO: Connection established.
May 16, 2017 7:21:55 AM codeu.chat.ServerMain runServer
INFO: Established connection...
May 16, 2017 7:21:55 AM codeu.chat.server.Server$2 run
INFO: Handling connection...
May 16, 2017 7:21:55 AM codeu.chat.server.Server$2 run
INFO: Connection handled: ACCEPTED
May 16, 2017 7:21:55 AM codeu.chat.ServerMain runServer
INFO: Connection established.
May 16, 2017 7:21:55 AM codeu.chat.ServerMain runServer
INFO: Established connection...
May 16, 2017 7:21:55 AM codeu.chat.server.Server$2 run
INFO: Handling connection...
May 16, 2017 7:21:55 AM codeu.chat.server.Server$2 run
INFO: Connection handled: ACCEPTED
May 16, 2017 7:21:55 AM codeu.chat.ServerMain runServer
INFO: Connection established.
May 16, 2017 7:21:55 AM codeu.chat.server.Server$2 run
INFO: Handling connection...
May 16, 2017 7:21:55 AM codeu.chat.ServerMain runServer
INFO: Established connection...
May 16, 2017 7:21:55 AM codeu.chat.server.Server$2 run
INFO: Connection handled: ACCEPTED
May 16, 2017 7:22:00 AM codeu.chat.server.Server$1 run
INFO: Reading update from relay...
May 16, 2017 7:22:05 AM codeu.chat.server.Server$1 run
INFO: Reading update from relay...
May 16, 2017 7:22:10 AM codeu.chat.server.Server$1 run
INFO: Reading update from relay...
May 16, 2017 7:22:15 AM codeu.chat.server.Server$1 run
INFO: Reading update from relay...
May 16, 2017 7:22:20 AM codeu.chat.server.Server$1 run
INFO: Reading update from relay...
May 16, 2017 7:22:25 AM codeu.chat.server.Server$1 run
INFO: Reading update from relay...
May 16, 2017 7:22:30 AM codeu.chat.server.Server$1 run
INFO: Reading update from relay...
May 16, 2017 7:22:35 AM codeu.chat.server.Server$1 run
INFO: Reading update from relay...
May 16, 2017 7:22:40 AM codeu.chat.server.Server$1 run
INFO: Reading update from relay...
May 16, 2017 7:22:45 AM codeu.chat.server.Server$1 run
INFO: Reading update from relay...
May 16, 2017 7:22:50 AM codeu.chat.server.Server$1 run
INFO: Reading update from relay...
May 16, 2017 7:22:55 AM codeu.chat.server.Server$1 run
INFO: Reading update from relay...
May 16, 2017 7:23:00 AM codeu.chat.server.Server$1 run
INFO: Reading update from relay...
May 16, 2017 7:23:05 AM codeu.chat.server.Server$1 run
INFO: Reading update from relay...
May 16, 2017 7:23:10 AM codeu.chat.server.Server$1 run
INFO: Reading update from relay...
May 16, 2017 7:23:15 AM codeu.chat.server.Server$1 run
INFO: Reading update from relay...
May 16, 2017 7:23:20 AM codeu.chat.server.Server$1 run
INFO: Reading update from relay...
May 16, 2017 7:23:25 AM codeu.chat.server.Server$1 run
INFO: Reading update from relay...
May 16, 2017 7:23:30 AM codeu.chat.server.Server$1 run
INFO: Reading update from relay...
May 16, 2017 7:23:35 AM codeu.chat.server.Server$1 run
INFO: Reading update from relay...
May 16, 2017 7:23:40 AM codeu.chat.server.Server$1 run
INFO: Reading update from relay...
May 16, 2017 7:23:45 AM codeu.chat.server.Server$1 run
INFO: Reading update from relay...
May 16, 2017 7:23:50 AM codeu.chat.server.Server$1 run
INFO: Reading update from relay...
May 16, 2017 7:23:55 AM codeu.chat.server.Server$1 run
INFO: Reading update from relay...
May 16, 2017 7:24:00 AM codeu.chat.server.Server$1 run
INFO: Reading update from relay...
May 16, 2017 7:24:05 AM codeu.chat.server.Server$1 run
INFO: Reading update from relay...
May 16, 2017 7:24:10 AM codeu.chat.server.Server$1 run
INFO: Reading update from relay...
May 16, 2017 7:24:15 AM codeu.chat.server.Server$1 run
INFO: Reading update from relay...
May 16, 2017 7:24:20 AM codeu.chat.server.Server$1 run
INFO: Reading update from relay...
May 16, 2017 7:24:25 AM codeu.chat.server.Server$1 run
INFO: Reading update from relay...
May 16, 2017 7:24:30 AM codeu.chat.server.Server$1 run
INFO: Reading update from relay...
May 16, 2017 7:24:35 AM codeu.chat.server.Server$1 run
INFO: Reading update from relay...
May 16, 2017 7:24:40 AM codeu.chat.server.Server$1 run
INFO: Reading update from relay...
May 16, 2017 7:24:45 AM codeu.chat.server.Server$1 run
INFO: Reading update from relay...
May 16, 2017 7:24:50 AM codeu.chat.server.Server$1 run
INFO: Reading update from relay...
May 16, 2017 7:24:55 AM codeu.chat.server.Server$1 run
INFO: Reading update from relay...
May 16, 2017 7:25:00 AM codeu.chat.server.Server$1 run
INFO: Reading update from relay...
May 16, 2017 7:25:05 AM codeu.chat.server.Server$1 run
INFO: Reading update from relay...
May 16, 2017 7:25:10 AM codeu.chat.server.Server$1 run
INFO: Reading update from relay...
May 16, 2017 7:25:15 AM codeu.chat.server.Server$1 run
INFO: Reading update from relay...
May 16, 2017 7:25:20 AM codeu.chat.server.Server$1 run
INFO: Reading update from relay...
May 16, 2017 7:25:25 AM codeu.chat.server.Server$1 run
INFO: Reading update from relay...
May 16, 2017 7:25:30 AM codeu.chat.server.Server$1 run
INFO: Reading update from relay...
May 16, 2017 7:25:35 AM codeu.chat.server.Server$1 run
INFO: Reading update from relay...
May 16, 2017 7:25:40 AM codeu.chat.server.Server$1 run
INFO: Reading update from relay...
May 16, 2017 7:25:45 AM codeu.chat.server.Server$1 run
INFO: Reading update from relay...
May 16, 2017 7:25:50 AM codeu.chat.server.Server$1 run
INFO: Reading update from relay...
May 16, 2017 7:25:55 AM codeu.chat.server.Server$1 run
INFO: Reading update from relay...
May 16, 2017 7:26:00 AM codeu.chat.server.Server$1 run
INFO: Reading update from relay...
May 16, 2017 7:26:05 AM codeu.chat.server.Server$1 run
INFO: Reading update from relay...
May 16, 2017 7:26:10 AM codeu.chat.server.Server$1 run
INFO: Reading update from relay...
May 16, 2017 7:26:15 AM codeu.chat.server.Server$1 run
INFO: Reading update from relay...
May 16, 2017 7:26:20 AM codeu.chat.server.Server$1 run
INFO: Reading update from relay...
May 16, 2017 7:26:25 AM codeu.chat.server.Server$1 run
INFO: Reading update from relay...
May 16, 2017 7:26:30 AM codeu.chat.server.Server$1 run
INFO: Reading update from relay...
May 16, 2017 7:26:35 AM codeu.chat.server.Server$1 run
INFO: Reading update from relay...
May 16, 2017 7:26:40 AM codeu.chat.server.Server$1 run
INFO: Reading update from relay...
May 16, 2017 7:26:45 AM codeu.chat.server.Server$1 run
INFO: Reading update from relay...
May 16, 2017 7:26:50 AM codeu.chat.server.Server$1 run
INFO: Reading update from relay...
May 16, 2017 7:26:55 AM codeu.chat.server.Server$1 run
INFO: Reading update from relay...
May 16, 2017 7:27:00 AM codeu.chat.server.Server$1 run
INFO: Reading update from relay...
May 16, 2017 7:27:05 AM codeu.chat.server.Server$1 run
INFO: Reading update from relay...
May 16, 2017 7:27:10 AM codeu.chat.server.Server$1 run
INFO: Reading update from relay...
May 16, 2017 7:27:15 AM codeu.chat.server.Server$1 run
INFO: Reading update from relay...
May 16, 2017 7:27:20 AM codeu.chat.server.Server$1 run
INFO: Reading update from relay...
May 16, 2017 7:27:25 AM codeu.chat.server.Server$1 run
INFO: Reading update from relay...
May 16, 2017 7:27:30 AM codeu.chat.server.Server$1 run
INFO: Reading update from relay...
May 16, 2017 7:27:35 AM codeu.chat.server.Server$1 run
INFO: Reading update from relay...
May 16, 2017 7:27:40 AM codeu.chat.server.Server$1 run
INFO: Reading update from relay...
May 16, 2017 7:27:45 AM codeu.chat.server.Server$1 run
INFO: Reading update from relay...
May 16, 2017 7:27:50 AM codeu.chat.server.Server$1 run
INFO: Reading update from relay...
May 16, 2017 7:27:55 AM codeu.chat.server.Server$1 run
INFO: Reading update from relay...
May 16, 2017 7:28:00 AM codeu.chat.server.Server$1 run
INFO: Reading update from relay...
May 16, 2017 7:28:05 AM codeu.chat.server.Server$1 run
INFO: Reading update from relay...
May 16, 2017 7:28:10 AM codeu.chat.server.Server$1 run
INFO: Reading update from relay...
May 16, 2017 7:28:15 AM codeu.chat.server.Server$1 run
INFO: Reading update from relay...
May 16, 2017 7:28:20 AM codeu.chat.server.Server$1 run
INFO: Reading update from relay...
May 16, 2017 7:28:25 AM codeu.chat.server.Server$1 run
INFO: Reading update from relay...
May 16, 2017 7:28:30 AM codeu.chat.server.Server$1 run
INFO: Reading update from relay...
May 16, 2017 7:28:35 AM codeu.chat.server.Server$1 run
INFO: Reading update from relay...
May 16, 2017 7:28:40 AM codeu.chat.server.Server$1 run
INFO: Reading update from relay...
May 16, 2017 7:28:45 AM codeu.chat.server.Server$1 run
INFO: Reading update from relay...
May 16, 2017 7:28:50 AM codeu.chat.server.Server$1 run
INFO: Reading update from relay...
May 16, 2017 7:28:55 AM codeu.chat.server.Server$1 run
INFO: Reading update from relay...
May 16, 2017 7:29:00 AM codeu.chat.server.Server$1 run
INFO: Reading update from relay...
May 16, 2017 7:29:05 AM codeu.chat.server.Server$1 run
INFO: Reading update from relay...
May 16, 2017 7:29:10 AM codeu.chat.server.Server$1 run
INFO: Reading update from relay...
May 16, 2017 7:29:15 AM codeu.chat.server.Server$1 run
INFO: Reading update from relay...
May 16, 2017 7:29:20 AM codeu.chat.server.Server$1 run
INFO: Reading update from relay...
May 16, 2017 7:29:25 AM codeu.chat.server.Server$1 run
INFO: Reading update from relay...
May 16, 2017 7:29:30 AM codeu.chat.server.Server$1 run
INFO: Reading update from relay...
May 16, 2017 7:29:35 AM codeu.chat.server.Server$1 run
INFO: Reading update from relay...
May 16, 2017 7:29:40 AM codeu.chat.server.Server$1 run
INFO: Reading update from relay...
May 16, 2017 7:29:45 AM codeu.chat.server.Server$1 run
INFO: Reading update from relay...
May 16, 2017 7:29:50 AM codeu.chat.server.Server$1 run
INFO: Reading update from relay...
May 16, 2017 7:29:55 AM codeu.chat.server.Server$1 run
INFO: Reading update from relay...
May 16, 2017 7:30:00 AM codeu.chat.server.Server$1 run
INFO: Reading update from relay...
May 16, 2017 7:30:05 AM codeu.chat.server.Server$1 run
INFO: Reading update from relay...
May 16, 2017 7:30:10 AM codeu.chat.server.Server$1 run
INFO: Reading update from relay...
May 16, 2017 7:30:15 AM codeu.chat.server.Server$1 run
INFO: Reading update from relay...
May 16, 2017 7:30:20 AM codeu.chat.server.Server$1 run
INFO: Reading update from relay...
May 16, 2017 7:30:25 AM codeu.chat.server.Server$1 run
INFO: Reading update from relay...
May 16, 2017 7:30:30 AM codeu.chat.server.Server$1 run
INFO: Reading update from relay...
May 16, 2017 7:30:35 AM codeu.chat.server.Server$1 run
INFO: Reading update from relay...
May 16, 2017 7:30:40 AM codeu.chat.server.Server$1 run
INFO: Reading update from relay...
May 16, 2017 7:30:45 AM codeu.chat.server.Server$1 run
INFO: Reading update from relay...
May 16, 2017 7:30:50 AM codeu.chat.server.Server$1 run
INFO: Reading update from relay...
May 16, 2017 7:30:55 AM codeu.chat.server.Server$1 run
INFO: Reading update from relay...
May 16, 2017 7:31:00 AM codeu.chat.server.Server$1 run
INFO: Reading update from relay...
May 16, 2017 7:31:05 AM codeu.chat.server.Server$1 run
INFO: Reading update from relay...
May 16, 2017 7:31:10 AM codeu.chat.server.Server$1 run
INFO: Reading update from relay...
May 16, 2017 7:31:15 AM codeu.chat.server.Server$1 run
INFO: Reading update from relay...
May 16, 2017 7:31:20 AM codeu.chat.server.Server$1 run
INFO: Reading update from relay...
May 16, 2017 7:31:25 AM codeu.chat.server.Server$1 run
INFO: Reading update from relay...
May 16, 2017 7:31:30 AM codeu.chat.server.Server$1 run
INFO: Reading update from relay...
May 16, 2017 7:31:35 AM codeu.chat.server.Server$1 run
INFO: Reading update from relay...
May 16, 2017 7:31:40 AM codeu.chat.server.Server$1 run
INFO: Reading update from relay...
May 16, 2017 7:31:45 AM codeu.chat.server.Server$1 run
INFO: Reading update from relay...
May 16, 2017 7:31:50 AM codeu.chat.server.Server$1 run
INFO: Reading update from relay...
May 16, 2017 7:31:55 AM codeu.chat.server.Server$1 run
INFO: Reading update from relay...
May 16, 2017 7:32:00 AM codeu.chat.server.Server$1 run
INFO: Reading update from relay...
May 16, 2017 7:32:05 AM codeu.chat.server.Server$1 run
INFO: Reading update from relay...
May 16, 2017 7:32:10 AM codeu.chat.server.Server$1 run
INFO: Reading update from relay...
May 16, 2017 7:32:15 AM codeu.chat.server.Server$1 run
INFO: Reading update from relay...
May 16, 2017 7:32:20 AM codeu.chat.server.Server$1 run
INFO: Reading update from relay...
May 16, 2017 7:32:25 AM codeu.chat.server.Server$1 run
INFO: Reading update from relay...
May 16, 2017 7:32:30 AM codeu.chat.server.Server$1 run
INFO: Reading update from relay...
May 16, 2017 7:32:35 AM codeu.chat.server.Server$1 run
INFO: Reading update from relay...
May 16, 2017 7:32:40 AM codeu.chat.server.Server$1 run
INFO: Reading update from relay...
May 16, 2017 7:32:45 AM codeu.chat.server.Server$1 run
INFO: Reading update from relay...
May 16, 2017 7:32:50 AM codeu.chat.server.Server$1 run
INFO: Reading update from relay...
May 16, 2017 7:32:55 AM codeu.chat.server.Server$1 run
INFO: Reading update from relay...
May 16, 2017 7:33:00 AM codeu.chat.server.Server$1 run
INFO: Reading update from relay...
May 16, 2017 7:33:05 AM codeu.chat.server.Server$1 run
INFO: Reading update from relay...
May 16, 2017 7:33:10 AM codeu.chat.server.Server$1 run
INFO: Reading update from relay...
May 16, 2017 7:33:15 AM codeu.chat.server.Server$1 run
INFO: Reading update from relay...
May 16, 2017 7:33:20 AM codeu.chat.server.Server$1 run
INFO: Reading update from relay...
May 16, 2017 7:33:25 AM codeu.chat.server.Server$1 run
INFO: Reading update from relay...
May 16, 2017 7:33:30 AM codeu.chat.server.Server$1 run
INFO: Reading update from relay...
May 16, 2017 7:33:35 AM codeu.chat.server.Server$1 run
INFO: Reading update from relay...
May 16, 2017 7:33:40 AM codeu.chat.server.Server$1 run
INFO: Reading update from relay...
May 16, 2017 7:33:45 AM codeu.chat.server.Server$1 run
INFO: Reading update from relay...
May 16, 2017 7:33:50 AM codeu.chat.server.Server$1 run
INFO: Reading update from relay...
May 16, 2017 7:33:55 AM codeu.chat.server.Server$1 run
INFO: Reading update from relay...
May 16, 2017 7:34:00 AM codeu.chat.server.Server$1 run
INFO: Reading update from relay...
May 16, 2017 7:34:05 AM codeu.chat.server.Server$1 run
INFO: Reading update from relay...
May 16, 2017 7:34:10 AM codeu.chat.server.Server$1 run
INFO: Reading update from relay...
May 16, 2017 7:34:15 AM codeu.chat.server.Server$1 run
INFO: Reading update from relay...
May 16, 2017 7:34:20 AM codeu.chat.server.Server$1 run
INFO: Reading update from relay...
May 16, 2017 7:34:25 AM codeu.chat.server.Server$1 run
INFO: Reading update from relay...
May 16, 2017 7:34:30 AM codeu.chat.server.Server$1 run
INFO: Reading update from relay...
May 16, 2017 7:34:35 AM codeu.chat.server.Server$1 run
INFO: Reading update from relay...
May 16, 2017 7:34:40 AM codeu.chat.server.Server$1 run
INFO: Reading update from relay...
May 16, 2017 7:34:45 AM codeu.chat.server.Server$1 run
INFO: Reading update from relay...
May 16, 2017 7:34:50 AM codeu.chat.server.Server$1 run
INFO: Reading update from relay...
May 16, 2017 7:34:55 AM codeu.chat.server.Server$1 run
INFO: Reading update from relay...
May 16, 2017 7:35:00 AM codeu.chat.server.Server$1 run
INFO: Reading update from relay...
May 16, 2017 7:35:05 AM codeu.chat.server.Server$1 run
INFO: Reading update from relay...
May 16, 2017 7:35:10 AM codeu.chat.server.Server$1 run
INFO: Reading update from relay...
May 16, 2017 7:35:15 AM codeu.chat.server.Server$1 run
INFO: Reading update from relay...
May 16, 2017 7:35:20 AM codeu.chat.server.Server$1 run
INFO: Reading update from relay...
May 16, 2017 7:35:25 AM codeu.chat.server.Server$1 run
INFO: Reading update from relay...
May 16, 2017 7:35:30 AM codeu.chat.server.Server$1 run
INFO: Reading update from relay...
May 16, 2017 7:35:35 AM codeu.chat.server.Server$1 run
INFO: Reading update from relay...
May 16, 2017 7:35:40 AM codeu.chat.server.Server$1 run
INFO: Reading update from relay...
May 16, 2017 7:35:45 AM codeu.chat.server.Server$1 run
INFO: Reading update from relay...
May 16, 2017 7:35:50 AM codeu.chat.server.Server$1 run
INFO: Reading update from relay...
May 16, 2017 7:35:55 AM codeu.chat.server.Server$1 run
INFO: Reading update from relay...
May 16, 2017 7:36:00 AM codeu.chat.server.Server$1 run
INFO: Reading update from relay...
May 16, 2017 7:36:05 AM codeu.chat.server.Server$1 run
INFO: Reading update from relay...
May 16, 2017 7:36:10 AM codeu.chat.server.Server$1 run
INFO: Reading update from relay...
May 16, 2017 7:36:15 AM codeu.chat.server.Server$1 run
INFO: Reading update from relay...
May 16, 2017 7:36:20 AM codeu.chat.server.Server$1 run
INFO: Reading update from relay...
May 16, 2017 7:36:25 AM codeu.chat.server.Server$1 run
INFO: Reading update from relay...
May 16, 2017 7:36:30 AM codeu.chat.server.Server$1 run
INFO: Reading update from relay...
May 16, 2017 7:36:35 AM codeu.chat.server.Server$1 run
INFO: Reading update from relay...
May 16, 2017 7:36:40 AM codeu.chat.server.Server$1 run
INFO: Reading update from relay...
May 16, 2017 7:36:45 AM codeu.chat.server.Server$1 run
INFO: Reading update from relay...
May 16, 2017 7:36:50 AM codeu.chat.server.Server$1 run
INFO: Reading update from relay...
May 16, 2017 7:36:55 AM codeu.chat.server.Server$1 run
INFO: Reading update from relay...
May 16, 2017 7:37:00 AM codeu.chat.server.Server$1 run
INFO: Reading update from relay...
May 16, 2017 7:37:05 AM codeu.chat.server.Server$1 run
INFO: Reading update from relay...
May 16, 2017 7:37:10 AM codeu.chat.server.Server$1 run
INFO: Reading update from relay...
May 16, 2017 7:37:15 AM codeu.chat.server.Server$1 run
INFO: Reading update from relay...
May 16, 2017 7:37:20 AM codeu.chat.server.Server$1 run
INFO: Reading update from relay...
May 16, 2017 7:37:25 AM codeu.chat.server.Server$1 run
INFO: Reading update from relay...
May 16, 2017 7:37:30 AM codeu.chat.server.Server$1 run
INFO: Reading update from relay...
May 16, 2017 7:37:35 AM codeu.chat.server.Server$1 run
INFO: Reading update from relay...
May 16, 2017 7:37:40 AM codeu.chat.server.Server$1 run
INFO: Reading update from relay...
May 16, 2017 7:37:45 AM codeu.chat.server.Server$1 run
INFO: Reading update from relay...
May 16, 2017 7:37:50 AM codeu.chat.server.Server$1 run
INFO: Reading update from relay...
May 16, 2017 7:37:55 AM codeu.chat.server.Server$1 run
INFO: Reading update from relay...
May 16, 2017 7:38:00 AM codeu.chat.server.Server$1 run
INFO: Reading update from relay...
May 16, 2017 7:38:05 AM codeu.chat.server.Server$1 run
INFO: Reading update from relay...
May 16, 2017 7:38:10 AM codeu.chat.server.Server$1 run
INFO: Reading update from relay...
May 16, 2017 7:38:15 AM codeu.chat.server.Server$1 run
INFO: Reading update from relay...
May 16, 2017 7:38:20 AM codeu.chat.server.Server$1 run
INFO: Reading update from relay...
May 16, 2017 7:38:25 AM codeu.chat.server.Server$1 run
INFO: Reading update from relay...
May 16, 2017 7:38:30 AM codeu.chat.server.Server$1 run
INFO: Reading update from relay...
May 16, 2017 7:38:35 AM codeu.chat.server.Server$1 run
INFO: Reading update from relay...
May 16, 2017 7:38:40 AM codeu.chat.server.Server$1 run
INFO: Reading update from relay...
May 16, 2017 7:38:45 AM codeu.chat.server.Server$1 run
INFO: Reading update from relay...
May 16, 2017 7:38:50 AM codeu.chat.server.Server$1 run
INFO: Reading update from relay...
May 16, 2017 7:38:55 AM codeu.chat.server.Server$1 run
INFO: Reading update from relay...
May 16, 2017 7:39:00 AM codeu.chat.server.Server$1 run
INFO: Reading update from relay...
May 16, 2017 7:39:05 AM codeu.chat.server.Server$1 run
INFO: Reading update from relay...
May 16, 2017 7:39:10 AM codeu.chat.server.Server$1 run
INFO: Reading update from relay...
May 16, 2017 7:39:15 AM codeu.chat.server.Server$1 run
INFO: Reading update from relay...
May 16, 2017 7:39:20 AM codeu.chat.server.Server$1 run
INFO: Reading update from relay...
May 16, 2017 7:39:25 AM codeu.chat.server.Server$1 run
INFO: Reading update from relay...
